0 verbose cli C:\nvm4w\nodejs\node.exe C:\Users\ABCD\AppData\Local\nvm\v22.21.0\node_modules\npm\bin\npm-cli.js
1 info using npm@11.6.2
2 info using node@v22.21.0
3 silly config load:file:C:\Users\ABCD\AppData\Local\nvm\v22.21.0\node_modules\npm\npmrc
4 silly config load:file:C:\Users\ABCD\vickins-technologies\.npmrc
5 silly config load:file:C:\Users\ABCD\.npmrc
6 silly config load:file:C:\nvm4w\nodejs\etc\npmrc
7 verbose title npm exec pnpm@10.15.1 run build
8 verbose argv "exec" "--yes" "--" "pnpm@10.15.1" "run" "build"
9 verbose logfile logs-max:10 dir:C:\Users\ABCD\vickins-technologies\.npm-cache\_logs\2026-05-06T13_13_25_576Z-
10 verbose logfile C:\Users\ABCD\vickins-technologies\.npm-cache\_logs\2026-05-06T13_13_25_576Z-debug-0.log
11 silly logfile done cleaning log files
12 silly packumentCache heap:4345298944 maxSize:1086324736 maxEntrySize:543162368
13 verbose shrinkwrap failed to load node_modules/.package-lock.json out of date, updated: node_modules
14 http fetch GET 200 https://registry.npmjs.org/pnpm 1555ms (cache revalidated)
15 silly packumentCache heap:4345298944 maxSize:1086324736 maxEntrySize:543162368
16 silly packumentCache heap:4345298944 maxSize:1086324736 maxEntrySize:543162368
17 verbose cwd C:\Users\ABCD\vickins-technologies
18 verbose os Windows_NT 10.0.26200
19 verbose node v22.21.0
20 verbose npm  v11.6.2
21 verbose exit 0
22 info ok
