0 verbose cli C:\Program Files\nodejs\node.exe C:\Program Files\nodejs\node_modules\npm\bin\npm-cli.js
1 info using npm@11.9.0
2 info using node@v24.14.0
3 silly config load:file:C:\Program Files\nodejs\node_modules\npm\npmrc
4 silly config load:file:C:\Users\ABCD\vickins-technologies\.npmrc
5 silly config load:file:C:\Users\ABCD\.npmrc
6 silly config load:file:C:\Users\ABCD\AppData\Roaming\npm\etc\npmrc
7 verbose title npm exec pnpm@10.15.1 exec tsc -p tsconfig.json --noEmit
8 verbose argv "exec" "--yes" "--" "pnpm@10.15.1" "exec" "tsc" "-p" "tsconfig.json" "--noEmit"
9 verbose logfile logs-max:10 dir:C:\Users\ABCD\vickins-technologies\.npm-cache\_logs\2026-05-06T09_45_18_026Z-
10 verbose logfile C:\Users\ABCD\vickins-technologies\.npm-cache\_logs\2026-05-06T09_45_18_026Z-debug-0.log
11 silly logfile done cleaning log files
12 silly packumentCache heap:4496293888 maxSize:1124073472 maxEntrySize:562036736
13 verbose shrinkwrap failed to load node_modules/.package-lock.json out of date, updated: node_modules
14 http fetch GET https://registry.npmjs.org/pnpm attempt 1 failed with EACCES
15 http fetch GET https://registry.npmjs.org/pnpm attempt 2 failed with EACCES
16 http fetch GET https://registry.npmjs.org/pnpm attempt 3 failed with EACCES
17 http fetch GET 200 https://registry.npmjs.org/pnpm 70469ms (cache stale)
18 silly packumentCache heap:4496293888 maxSize:1124073472 maxEntrySize:562036736
19 silly packumentCache heap:4496293888 maxSize:1124073472 maxEntrySize:562036736
20 verbose cwd C:\Users\ABCD\vickins-technologies
21 verbose os Windows_NT 10.0.26200
22 verbose node v24.14.0
23 verbose npm  v11.9.0
24 verbose exit 2
25 verbose code 2
